Build started 2012/3/11 21:50:03.
     1>Project "F:\suddy\vc\HookDLL\HookDLL.vcxproj" on node 2 (build target(s)).
     1>InitializeBuildStatus:
         Touching "Debug\HookDLL.unsuccessfulbuild".
       ClCompile:
         All outputs are up-to-date.
       ManifestResourceCompile:
         All outputs are up-to-date.
       Link:
         D:\DEV\Microsoft Visual Studio 10.0\VC\bin\link.exe /ERRORREPORT:PROMPT /OUT:"..\..\mytool\HookDLL.dll" /VERSION:"123" /INCREMENTAL /NOLOGO kernel32.lib user32.lib gdi32.lib winspool.lib comdlg32.lib advapi32.lib shell32.lib ole32.lib oleaut32.lib uuid.lib odbc32.lib odbccp32.lib /DEF:"Hook.def" /MANIFEST /ManifestFile:"Debug\HookDLL.dll.intermediate.manifest" /MANIFESTUAC:"level='asInvoker' uiAccess='false'" /DEBUG /PDB:"F:\suddy\mytool\HookDLL.pdb" /SUBSYSTEM:WINDOWS /TLBID:1 /DYNAMICBASE /NXCOMPAT /IMPLIB:"..\..\mytool\HookDLL.lib" /MACHINE:X86 /DLL Debug\HookDLL.dll.embed.manifest.res
         Debug\Hook.obj
            Creating library ..\..\mytool\HookDLL.lib and object ..\..\mytool\HookDLL.exp
       Manifest:
         C:\Program Files (x86)\Microsoft SDKs\Windows\v7.0A\bin\mt.exe /nologo /verbose /out:"Debug\HookDLL.dll.embed.manifest" /manifest Debug\HookDLL.dll.intermediate.manifest
         All outputs are up-to-date.
       LinkEmbedManifest:
         All outputs are up-to-date.
         HookDLL.vcxproj -> F:\suddy\vc\HookDLL\..\..\mytool\HookDLL.dll
       CustomBuildStep:
       Skipping target "CustomBuildStep" because it has no outputs.
       CopyFilesToOutputDirectory:
         Copying file from "Debug\HookDLL.pdb" to "..\..\mytool\HookDLL.pdb".
       CustomBuildStep:
       Skipping target "CustomBuildStep" because it has no outputs.
       FinalizeBuildStatus:
         Deleting file "Debug\HookDLL.unsuccessfulbuild".
         Touching "Debug\HookDLL.lastbuildstate".
     1>Done Building Project "F:\suddy\vc\HookDLL\HookDLL.vcxproj" (build target(s)).

Build succeeded.

Time Elapsed 00:00:00.29
