F:\suddy\vc\HookDLL\HookDLL.exp
F:\suddy\vc\HookDLL\HookDLL.lib
F:\suddy\vc\HookDLL\Release\cl.command.1.tlog
F:\suddy\vc\HookDLL\Release\CL.read.1.tlog
F:\suddy\vc\HookDLL\Release\CL.write.1.tlog
F:\SUDDY\VC\HOOKDLL\RELEASE\HOOK.OBJ
F:\SUDDY\VC\HOOKDLL\RELEASE\HOOKDLL.DLL.EMBED.MANIFEST
F:\SUDDY\VC\HOOKDLL\RELEASE\HOOKDLL.DLL.EMBED.MANIFEST.RES
F:\SUDDY\VC\HOOKDLL\RELEASE\HOOKDLL.DLL.INTERMEDIATE.MANIFEST
F:\suddy\vc\HookDLL\Release\HookDLL.write.1.tlog
F:\suddy\vc\HookDLL\Release\HookDLL_manifest.rc
F:\suddy\vc\HookDLL\Release\link.command.1.tlog
F:\suddy\vc\HookDLL\Release\link.read.1.tlog
F:\suddy\vc\HookDLL\Release\link.write.1.tlog
F:\suddy\vc\HookDLL\Release\link-cvtres.read.1.tlog
F:\suddy\vc\HookDLL\Release\link-cvtres.write.1.tlog
F:\suddy\vc\HookDLL\Release\mt.command.1.tlog
F:\suddy\vc\HookDLL\Release\mt.read.1.tlog
F:\suddy\vc\HookDLL\Release\mt.write.1.tlog
F:\suddy\vc\HookDLL\Release\rc.command.1.tlog
F:\suddy\vc\HookDLL\Release\rc.read.1.tlog
F:\suddy\vc\HookDLL\Release\rc.write.1.tlog
F:\SUDDY\VC\HOOKDLL\RELEASE\VC100.PDB
F:\SUDDY\VC\SHOTTEST2\RELEASE\HOOKDLL.DLL
F:\SUDDY\VC\SHOTTEST2\RELEASE\HOOKDLL.PDB
