F:\suddy\vc\DockDesktop\Debug\cl.command.1.tlog
F:\suddy\vc\DockDesktop\Debug\CL.read.1.tlog
F:\suddy\vc\DockDesktop\Debug\CL.write.1.tlog
F:\suddy\vc\DockDesktop\Debug\link.5844.read.1.tlog
F:\suddy\vc\DockDesktop\Debug\link.5844.write.1.tlog
F:\suddy\vc\DockDesktop\Debug\link.5844-cvtres.read.1.tlog
F:\suddy\vc\DockDesktop\Debug\link.5844-cvtres.write.1.tlog
F:\suddy\vc\DockDesktop\Debug\link.command.1.tlog
F:\suddy\vc\DockDesktop\Debug\link.read.1.tlog
F:\suddy\vc\DockDesktop\Debug\link.write.1.tlog
F:\suddy\vc\DockDesktop\Debug\link-cvtres.read.1.tlog
F:\suddy\vc\DockDesktop\Debug\link-cvtres.write.1.tlog
F:\suddy\vc\DockDesktop\Debug\mt.command.1.tlog
F:\suddy\vc\DockDesktop\Debug\mt.read.1.tlog
F:\suddy\vc\DockDesktop\Debug\mt.write.1.tlog
F:\suddy\vc\DockDesktop\Debug\rc.command.1.tlog
F:\suddy\vc\DockDesktop\Debug\rc.read.1.tlog
F:\suddy\vc\DockDesktop\Debug\rc.write.1.tlog
F:\SUDDY\VC\DOCKDESKTOP\DEBUG\SHOTTEST2.OBJ
F:\SUDDY\VC\DOCKDESKTOP\DEBUG\SHOTTEST2.RES
F:\SUDDY\VC\DOCKDESKTOP\DEBUG\SNAPSHOT.EXE
F:\SUDDY\VC\DOCKDESKTOP\DEBUG\SNAPSHOT.EXE.EMBED.MANIFEST
F:\SUDDY\VC\DOCKDESKTOP\DEBUG\SNAPSHOT.EXE.EMBED.MANIFEST.RES
F:\SUDDY\VC\DOCKDESKTOP\DEBUG\SNAPSHOT.EXE.INTERMEDIATE.MANIFEST
F:\SUDDY\VC\DOCKDESKTOP\DEBUG\SNAPSHOT.ILK
F:\SUDDY\VC\DOCKDESKTOP\DEBUG\SNAPSHOT.PDB
F:\suddy\vc\DockDesktop\Debug\SnapShot_manifest.rc
F:\SUDDY\VC\DOCKDESKTOP\DEBUG\STDAFX.OBJ
F:\suddy\vc\DockDesktop\Debug\vc100.idb
F:\SUDDY\VC\DOCKDESKTOP\DEBUG\VC100.PDB
