Build started 2012/3/5 23:47:45.
     1>Project "F:\suddy\vc\DockDesktop\SnapShot.vcxproj" on node 2 (build target(s)).
     1>InitializeBuildStatus:
         Creating "Debug\SnapShot.unsuccessfulbuild" because "AlwaysCreate" was specified.
       ClCompile:
         D:\DEV\Microsoft Visual Studio 10.0\VC\bin\CL.exe /c /Zi /nologo /W3 /WX- /Od /Oy- /D WIN32 /D _DEBUG /D _WINDOWS /Gm /EHsc /RTC1 /MDd /GS /fp:precise /Zc:wchar_t /Zc:forScope /Fo"Debug\\" /Fd"Debug\vc100.pdb" /Gd /TP /analyze- /errorReport:prompt ShotTest2.cpp
         ShotTest2.cpp
     1>ShotTest2.cpp(8): warning C4005: 'WS_EX_LAYERED' : macro redefinition
                 C:\Program Files (x86)\Microsoft SDKs\Windows\v7.0A\include\winuser.h(2529) : see previous definition of 'WS_EX_LAYERED'
     1>ShotTest2.cpp(9): warning C4005: 'LWA_ALPHA' : macro redefinition
                 C:\Program Files (x86)\Microsoft SDKs\Windows\v7.0A\include\winuser.h(4025) : see previous definition of 'LWA_ALPHA'
     1>ShotTest2.cpp(10): warning C4005: 'LWA_COLORKEY' : macro redefinition
                 C:\Program Files (x86)\Microsoft SDKs\Windows\v7.0A\include\winuser.h(4024) : see previous definition of 'LWA_COLORKEY'
       ResourceCompile:
         All outputs are up-to-date.
       ManifestResourceCompile:
         All outputs are up-to-date.
       Link:
         D:\DEV\Microsoft Visual Studio 10.0\VC\bin\link.exe /ERRORREPORT:PROMPT /OUT:"F:\suddy\vc\DockDesktop\Debug\SnapShot.exe" /INCREMENTAL /NOLOGO HookDLL.lib kernel32.lib user32.lib gdi32.lib winspool.lib comdlg32.lib advapi32.lib shell32.lib ole32.lib oleaut32.lib uuid.lib odbc32.lib odbccp32.lib /MANIFEST /ManifestFile:"Debug\SnapShot.exe.intermediate.manifest" /MANIFESTUAC:"level='asInvoker' uiAccess='false'" /DEBUG /PDB:"F:\suddy\vc\DockDesktop\Debug\SnapShot.pdb" /SUBSYSTEM:WINDOWS /TLBID:1 /DYNAMICBASE /NXCOMPAT /IMPLIB:"F:\suddy\vc\DockDesktop\Debug\SnapShot.lib" /MACHINE:X86 Debug\ShotTest2.res
         Debug\SnapShot.exe.embed.manifest.res
         Debug\ShotTest2.obj
         Debug\StdAfx.obj
       Manifest:
         C:\Program Files (x86)\Microsoft SDKs\Windows\v7.0A\bin\mt.exe /nologo /verbose /out:"Debug\SnapShot.exe.embed.manifest" /manifest Debug\SnapShot.exe.intermediate.manifest
         All outputs are up-to-date.
       LinkEmbedManifest:
         All outputs are up-to-date.
         SnapShot.vcxproj -> F:\suddy\vc\DockDesktop\Debug\SnapShot.exe
       FinalizeBuildStatus:
         Deleting file "Debug\SnapShot.unsuccessfulbuild".
         Touching "Debug\SnapShot.lastbuildstate".
     1>Done Building Project "F:\suddy\vc\DockDesktop\SnapShot.vcxproj" (build target(s)).

Build succeeded.

Time Elapsed 00:00:00.76
